<?xml version="1.0" encoding="UTF-8"?>
<!-- Generated by org.testng.reporters.JUnitReportReporter -->
<testsuite hostname="Admin-PC" name="sample_Package.YahooNewsTest" tests="1" failures="0" timestamp="8 Jan 2016 00:36:13 GMT" time="0.006" errors="0">
  <testcase name="NewsTest" time="0.006" classname="sample_Package.YahooNewsTest"/>
</testsuite> <!-- sample_Package.YahooNewsTest -->
