<?xml version="1.0" encoding="UTF-8"?>
<!-- Generated by org.testng.reporters.JUnitReportReporter -->
<testsuite hostname="Admin-PC" name="sample_Package.YahooTest" tests="2" failures="0" timestamp="8 Jan 2016 00:36:13 GMT" time="0.002" errors="0">
  <testcase name="TestRecieveMail" time="0.002" classname="sample_Package.YahooTest"/>
  <testcase name="TestSendMail" time="0.000" classname="sample_Package.YahooTest"/>
</testsuite> <!-- sample_Package.YahooTest -->
