<?xml version="1.0" encoding="UTF-8"?>
<!-- Generated by org.testng.reporters.JUnitReportReporter -->
<testsuite hostname="Admin-PC" name="sample_Package.Sample_Test" tests="2" failures="0" timestamp="8 Jan 2016 00:36:13 GMT" time="0.000" errors="0">
  <testcase name="Login" time="0.000" classname="sample_Package.Sample_Test"/>
  <testcase name="AppTest" time="0.000" classname="sample_Package.Sample_Test"/>
</testsuite> <!-- sample_Package.Sample_Test -->
